c:\users\user\documents\visual studio 2015\projects\computer network\ftp\ftp_client\ftp_client\release\ftp_client.pch
c:\users\user\documents\visual studio 2015\projects\computer network\ftp\ftp_client\ftp_client\release\vc140.pdb
c:\users\user\documents\visual studio 2015\projects\computer network\ftp\ftp_client\ftp_client\release\stdafx.obj
c:\users\user\documents\visual studio 2015\projects\computer network\ftp\ftp_client\ftp_client\release\ftp_clientdlg.obj
c:\users\user\documents\visual studio 2015\projects\computer network\ftp\ftp_client\ftp_client\release\ftpconn.obj
c:\users\user\documents\visual studio 2015\projects\computer network\ftp\ftp_client\ftp_client\release\ftp_client.obj
c:\users\user\documents\visual studio 2015\projects\computer network\ftp\ftp_client\release\ftp_client.exe
c:\users\user\documents\visual studio 2015\projects\computer network\ftp\ftp_client\release\ftp_client.ipdb
c:\users\user\documents\visual studio 2015\projects\computer network\ftp\ftp_client\release\ftp_client.iobj
c:\users\user\documents\visual studio 2015\projects\computer network\ftp\ftp_client\release\ftp_client.pdb
c:\users\user\documents\visual studio 2015\projects\computer network\ftp\ftp_client\ftp_client\release\ftp_client.res
c:\users\user\documents\visual studio 2015\projects\computer network\ftp\ftp_client\ftp_client\release\ftp_client.tlog\cl.command.1.tlog
c:\users\user\documents\visual studio 2015\projects\computer network\ftp\ftp_client\ftp_client\release\ftp_client.tlog\cl.read.1.tlog
c:\users\user\documents\visual studio 2015\projects\computer network\ftp\ftp_client\ftp_client\release\ftp_client.tlog\cl.write.1.tlog
c:\users\user\documents\visual studio 2015\projects\computer network\ftp\ftp_client\ftp_client\release\ftp_client.tlog\link.command.1.tlog
c:\users\user\documents\visual studio 2015\projects\computer network\ftp\ftp_client\ftp_client\release\ftp_client.tlog\link.read.1.tlog
c:\users\user\documents\visual studio 2015\projects\computer network\ftp\ftp_client\ftp_client\release\ftp_client.tlog\link.write.1.tlog
c:\users\user\documents\visual studio 2015\projects\computer network\ftp\ftp_client\ftp_client\release\ftp_client.tlog\rc.command.1.tlog
c:\users\user\documents\visual studio 2015\projects\computer network\ftp\ftp_client\ftp_client\release\ftp_client.tlog\rc.read.1.tlog
c:\users\user\documents\visual studio 2015\projects\computer network\ftp\ftp_client\ftp_client\release\ftp_client.tlog\rc.write.1.tlog
